<?xml version="1.0" encoding="UTF-8"?>
<!-- Generated by org.testng.reporters.JUnitReportReporter -->
<testsuite hostname="DESKTOP-OA3ENQ8" failures="0" tests="6" name="test.ProductDetail" time="79.123" errors="0" timestamp="2021-05-05T12:06:06 ICT" skipped="0">
  <testcase classname="test.ProductDetail" name="quantity" time="11.708"/>
  <system-out/>
  <testcase classname="test.ProductDetail" name="sendToFrend" time="7.825"/>
  <system-out/>
  <testcase classname="test.ProductDetail" name="shareTwitter" time="25.115"/>
  <system-out/>
  <testcase classname="test.ProductDetail" name="writeComment" time="16.611"/>
  <system-out/>
  <testcase classname="test.ProductDetail" name="nullQuantity" time="9.335"/>
  <system-out/>
  <testcase classname="test.ProductDetail" name="viewLargeImage" time="8.529"/>
  <system-out/>
</testsuite> <!-- test.ProductDetail -->
