<?xml version="1.0" encoding="UTF-8"?>
<!-- Generated by org.testng.reporters.JUnitReportReporter -->
<testsuite hostname="DESKTOP-OA3ENQ8" failures="0" tests="1" name="com.selenium.test.NewsLetter" time="7.256" errors="0" timestamp="2021-04-28T12:26:24 ICT" skipped="0">
  <testcase classname="com.selenium.test.NewsLetter" name="newsletter" time="7.256"/>
  <system-out/>
</testsuite> <!-- com.selenium.test.NewsLetter -->
