<?xml version="1.0" encoding="UTF-8"?>
<!-- Generated by org.testng.reporters.JUnitReportReporter -->
<testsuite hostname="DESKTOP-OA3ENQ8" failures="0" tests="3" name="test.MuaHang" time="102.830" errors="0" timestamp="2021-05-05T12:06:06 ICT" skipped="0">
  <testcase classname="test.MuaHang" name="promotionPurchase" time="22.502"/>
  <system-out/>
  <testcase classname="test.MuaHang" name="purchaseSuccess" time="26.797"/>
  <system-out/>
  <testcase classname="test.MuaHang" name="changePurchaseInfo" time="53.531"/>
  <system-out/>
</testsuite> <!-- test.MuaHang -->
