<?xml version="1.0" encoding="UTF-8"?>
<!-- Generated by org.testng.reporters.JUnitReportReporter -->
<testsuite hostname="DESKTOP-OA3ENQ8" failures="0" tests="1" name="test.ContactUs" time="35.609" errors="0" timestamp="2021-05-05T12:06:06 ICT" skipped="0">
  <testcase classname="test.ContactUs" name="contactUs" time="35.609"/>
  <system-out/>
</testsuite> <!-- test.ContactUs -->
