<?xml version="1.0" encoding="UTF-8"?>
<!-- Generated by org.testng.reporters.JUnitReportReporter -->
<testsuite hostname="DESKTOP-OA3ENQ8" failures="0" tests="6" name="test.Search" time="43.164" errors="0" timestamp="2021-05-05T12:06:06 ICT" skipped="0">
  <testcase classname="test.Search" name="checkDefaultSearchText" time="6.808"/>
  <system-out/>
  <testcase classname="test.Search" name="checkNameProduct" time="8.317"/>
  <system-out/>
  <testcase classname="test.Search" name="checkPrice" time="7.990"/>
  <system-out/>
  <testcase classname="test.Search" name="inputTextSearchIncorrect" time="5.880"/>
  <system-out/>
  <testcase classname="test.Search" name="checkHintSearch" time="6.493"/>
  <system-out/>
  <testcase classname="test.Search" name="checkProductNumber" time="7.676"/>
  <system-out/>
</testsuite> <!-- test.Search -->
